gpu18
no change     /pchem-data/meuwly/boittier/home/miniforge3/condabin/conda
no change     /pchem-data/meuwly/boittier/home/miniforge3/bin/conda
no change     /pchem-data/meuwly/boittier/home/miniforge3/bin/conda-env
no change     /pchem-data/meuwly/boittier/home/miniforge3/bin/activate
no change     /pchem-data/meuwly/boittier/home/miniforge3/bin/deactivate
no change     /pchem-data/meuwly/boittier/home/miniforge3/etc/profile.d/conda.sh
no change     /pchem-data/meuwly/boittier/home/miniforge3/etc/fish/conf.d/conda.fish
no change     /pchem-data/meuwly/boittier/home/miniforge3/shell/condabin/Conda.psm1
no change     /pchem-data/meuwly/boittier/home/miniforge3/shell/condabin/conda-hook.ps1
no change     /pchem-data/meuwly/boittier/home/miniforge3/lib/python3.12/site-packages/xontrib/conda.xsh
no change     /pchem-data/meuwly/boittier/home/miniforge3/etc/profile.d/conda.csh
no change     /pchem-data/meuwly/boittier/home/.bashrc
No action taken.
/pchem-data/meuwly/boittier/home/miniforge3/envs/jaxe3xcuda11p39/bin/python
GPU ID: 0
2024-09-24 14:21:27.354692: W external/xla/xla/service/gpu/gemm_fusion_autotuner.cc:807] Compiling 15 configs for gemm_fusion_dot.2 on a single thread.
2024-09-24 14:21:31.302842: W external/xla/xla/service/gpu/gemm_fusion_autotuner.cc:807] Compiling 25 configs for gemm_fusion_dot.2 on a single thread.
2024-09-24 14:21:41.658687: W external/xla/xla/service/gpu/gemm_fusion_autotuner.cc:807] Compiling 19 configs for gemm_fusion_dot.2 on a single thread.
2024-09-24 14:22:22.677828: W external/xla/xla/service/gpu/gemm_fusion_autotuner.cc:810] Compiling 138 configs for 10 fusions on a single thread.
