gpu03
no change     /pchem-data/meuwly/boittier/home/miniforge3/condabin/conda
no change     /pchem-data/meuwly/boittier/home/miniforge3/bin/conda
no change     /pchem-data/meuwly/boittier/home/miniforge3/bin/conda-env
no change     /pchem-data/meuwly/boittier/home/miniforge3/bin/activate
no change     /pchem-data/meuwly/boittier/home/miniforge3/bin/deactivate
no change     /pchem-data/meuwly/boittier/home/miniforge3/etc/profile.d/conda.sh
no change     /pchem-data/meuwly/boittier/home/miniforge3/etc/fish/conf.d/conda.fish
no change     /pchem-data/meuwly/boittier/home/miniforge3/shell/condabin/Conda.psm1
no change     /pchem-data/meuwly/boittier/home/miniforge3/shell/condabin/conda-hook.ps1
no change     /pchem-data/meuwly/boittier/home/miniforge3/lib/python3.12/site-packages/xontrib/conda.xsh
no change     /pchem-data/meuwly/boittier/home/miniforge3/etc/profile.d/conda.csh
no change     /pchem-data/meuwly/boittier/home/.bashrc
No action taken.
/pchem-data/meuwly/boittier/home/miniforge3/envs/jaxe3xcuda11p39/bin/python
GPU ID: 0
restart
usage: main.py [-h] [--data_dir DATA_DIR] [--model_dir MODEL_DIR]
               [--num_epochs NUM_EPOCHS] [--learning_rate LEARNING_RATE]
               [--batch_size BATCH_SIZE] [--esp_w ESP_W]
               [--num_epics NUM_EPICS] [--n_feat N_FEAT] [--n_basis N_BASIS]
               [--max_degree MAX_DEGREE] [--n_mp N_MP] [--restart RESTART]
               [--random_seed RANDOM_SEED] [--n_dcm N_DCM] [--n_gpu N_GPU]
               [--data DATA] [--n_train N_TRAIN] [--n_valid N_VALID]
               [--type TYPE]
               [--include_pseudotensors | --no-include_pseudotensors]
main.py: error: argument --restart: expected one argument
