gpu02
no change     /pchem-data/meuwly/boittier/home/miniforge3/condabin/conda
no change     /pchem-data/meuwly/boittier/home/miniforge3/bin/conda
no change     /pchem-data/meuwly/boittier/home/miniforge3/bin/conda-env
no change     /pchem-data/meuwly/boittier/home/miniforge3/bin/activate
no change     /pchem-data/meuwly/boittier/home/miniforge3/bin/deactivate
no change     /pchem-data/meuwly/boittier/home/miniforge3/etc/profile.d/conda.sh
no change     /pchem-data/meuwly/boittier/home/miniforge3/etc/fish/conf.d/conda.fish
no change     /pchem-data/meuwly/boittier/home/miniforge3/shell/condabin/Conda.psm1
no change     /pchem-data/meuwly/boittier/home/miniforge3/shell/condabin/conda-hook.ps1
no change     /pchem-data/meuwly/boittier/home/miniforge3/lib/python3.12/site-packages/xontrib/conda.xsh
no change     /pchem-data/meuwly/boittier/home/miniforge3/etc/profile.d/conda.csh
no change     /pchem-data/meuwly/boittier/home/.bashrc
No action taken.
/pchem-data/meuwly/boittier/home/miniforge3/envs/jaxe3xcuda11p39/bin/python
GPU ID: 0
restart /pchem-data/meuwly/boittier/home/jaxeq/all_runs/runs11/20240924-141337dcm-2-espw-1000.0-restart-False/best_1000.0_params.pkl
args:
data_dir = /pchem-data/meuwly/boittier/home/jaxeq/
model_dir = model
num_epochs = 5000
learning_rate = 0.0001
batch_size = 1
esp_w = 1000.0
num_epics = 1
n_feat = 16
n_basis = 16
max_degree = 2
n_mp = 2
restart = /pchem-data/meuwly/boittier/home/jaxeq/all_runs/runs11/20240924-141337dcm-2-espw-1000.0-restart-False/best_1000.0_params.pkl
random_seed = 8022
n_dcm = 1
n_gpu = 0
data = qm9-esp40000-0.npz
n_train = 64000
n_valid = 2000
type = dipole
include_pseudotensors = False
[cuda(id=0)]
gpu
[cuda(id=0)]
['/pchem-data/meuwly/boittier/home/jaxeq/dcmnet', '/pchem-data/meuwly/boittier/home/miniforge3/envs/jaxe3xcuda11p39/lib/python39.zip', '/pchem-data/meuwly/boittier/home/miniforge3/envs/jaxe3xcuda11p39/lib/python3.9', '/pchem-data/meuwly/boittier/home/miniforge3/envs/jaxe3xcuda11p39/lib/python3.9/lib-dynload', '/pchem-data/meuwly/boittier/home/miniforge3/envs/jaxe3xcuda11p39/lib/python3.9/site-packages', '/pchem-data/meuwly/boittier/home/jaxeq']
{'features': 16.0, 'max_degree': 2.0, 'num_iterations': 2.0, 'num_basis_functions': 16.0, 'cutoff': 4.0, 'n_dcm': 2.0, 'include_pseudotensors': True}
R (40000, 60, 3)
Z (40000, 60)
N (40000,)
D (40000,)
com (40000, 3)
Dxyz (40000, 3)
mono (40000, 60, 1)
esp (40000, 3200)
id (40000,)
n_grid (40000,)
vdw_surface (40000, 3200, 3)
n_failed: 449
63551 2000
creating_mask
39551
Traceback (most recent call last):
  File "/pchem-data/meuwly/boittier/home/jaxeq/dcmnet/main.py", line 97, in <module>
    train_data, valid_data = prepare_datasets(
  File "/pchem-data/meuwly/boittier/home/jaxeq/dcmnet/data.py", line 118, in prepare_datasets
    data, keys, num_train, num_valid = prepare_multiple_datasets(key, num_train, num_valid, filename, clean=clean)
  File "/pchem-data/meuwly/boittier/home/jaxeq/dcmnet/data.py", line 96, in prepare_multiple_datasets
    assert_dataset_size(dataR, num_train, num_valid)
  File "/pchem-data/meuwly/boittier/home/jaxeq/dcmnet/data.py", line 146, in assert_dataset_size
    raise RuntimeError(
RuntimeError: datasets only contains 39551 points, requested num_train=63551, num_valid=2000
